\BOOKMARK [0][-]{chapter*.2}{\376\377\000P\000r\000e\000f\000a\000c\000e}{}% 1
\BOOKMARK [-1][-]{part.1}{\376\377\000I\000\040\000T\000R\000A\000N\000S\000M\000I\000S\000S\000I\000O\000N\000\040\000L\000I\000N\000E\000\040\000A\000N\000D\000\040\000T\000H\000E\000\040\000W\000A\000V\000E\000\040\000E\000Q\000U\000A\000T\000I\000O\000N}{}% 2
\BOOKMARK [0][-]{chapter.1}{\376\377\000I\000n\000t\000r\000o\000d\000u\000c\000t\000i\000o\000n\000\040\000t\000o\000\040\000E\000l\000e\000c\000t\000r\000o\000m\000a\000g\000n\000e\000t\000i\000c\000\040\000W\000a\000v\000e\000s}{part.1}% 3
\BOOKMARK [1][-]{section.1.1}{\376\377\000O\000B\000J\000E\000C\000T\000I\000V\000E\000S}{chapter.1}% 4
\BOOKMARK [1][-]{section.1.2}{\376\377\000E\000l\000e\000c\000t\000r\000o\000m\000a\000g\000n\000e\000t\000i\000c\000\040\000w\000a\000v\000e\000s}{chapter.1}% 5
\BOOKMARK [1][-]{section.1.3}{\376\377\000A\000p\000p\000l\000i\000c\000a\000t\000i\000o\000n\000\040\000o\000f\000\040\000e\000l\000e\000c\000t\000r\000o\000m\000a\000g\000n\000e\000t\000i\000c\000\040\000w\000a\000v\000e\000s}{chapter.1}% 6
\BOOKMARK [2][-]{subsection.1.3.1}{\376\377\000T\000r\000a\000n\000s\000m\000i\000s\000s\000i\000o\000n\000\040\000L\000i\000n\000e}{section.1.3}% 7
\BOOKMARK [2][-]{subsection.1.3.2}{\376\377\000W\000a\000v\000e\000g\000u\000i\000d\000e\000s}{section.1.3}% 8
\BOOKMARK [2][-]{subsection.1.3.3}{\376\377\000A\000n\000t\000e\000n\000n\000a\000s}{section.1.3}% 9
\BOOKMARK [2][-]{subsection.1.3.4}{\376\377\000S\000a\000t\000e\000l\000l\000i\000t\000e\000\040\000c\000o\000m\000m\000u\000n\000i\000c\000a\000t\000i\000o\000n}{section.1.3}% 10
\BOOKMARK [2][-]{subsection.1.3.5}{\376\377\000F\000i\000b\000e\000r\000\040\000o\000p\000t\000i\000c\000s\000\040\000c\000o\000m\000m\000u\000n\000i\000c\000a\000t\000i\000o\000n}{section.1.3}% 11
\BOOKMARK [2][-]{subsection.1.3.6}{\376\377\000W\000i\000r\000e\000l\000e\000s\000s\000\040\000c\000o\000m\000m\000u\000n\000i\000c\000a\000t\000i\000o\000n}{section.1.3}% 12
\BOOKMARK [2][-]{subsection.1.3.7}{\376\377\000C\000e\000l\000l\000u\000l\000a\000r\000\040\000c\000o\000m\000m\000u\000n\000i\000c\000a\000t\000i\000o\000n}{section.1.3}% 13
\BOOKMARK [2][-]{subsection.1.3.8}{\376\377\000R\000a\000d\000a\000r\000\040\000a\000n\000d\000\040\000r\000e\000m\000o\000t\000e\000\040\000s\000e\000n\000s\000i\000n\000g}{section.1.3}% 14
\BOOKMARK [2][-]{subsection.1.3.9}{\376\377\000R\000a\000d\000i\000o\000\040\000a\000s\000t\000r\000o\000n\000o\000m\000y}{section.1.3}% 15
\BOOKMARK [2][-]{subsection.1.3.10}{\376\377\000E\000M\000I\000/\000E\000M\000C}{section.1.3}% 16
\BOOKMARK [0][-]{chapter.2}{\376\377\000T\000r\000a\000n\000s\000m\000i\000s\000s\000i\000o\000n\000\040\000l\000i\000n\000e\000s}{part.1}% 17
\BOOKMARK [1][-]{section.2.1}{\376\377\000O\000b\000j\000e\000c\000t\000i\000v\000e\000s}{chapter.2}% 18
\BOOKMARK [1][-]{section.2.2}{\376\377\000S\000t\000r\000u\000c\000t\000u\000r\000e\000s\000\040\000o\000f\000\040\000t\000r\000a\000n\000s\000m\000i\000s\000s\000i\000o\000n\000\040\000l\000i\000n\000e\000s}{chapter.2}% 19
\BOOKMARK [2][-]{subsection.2.2.1}{\376\377\000C\000o\000-\000a\000x\000i\000a\000l\000\040\000c\000a\000b\000l\000e}{section.2.2}% 20
\BOOKMARK [2][-]{subsection.2.2.2}{\376\377\000B\000a\000l\000a\000n\000c\000e\000d\000\040\000P\000a\000r\000a\000l\000l\000e\000l\000\040\000w\000i\000r\000e\000\040\000t\000r\000a\000n\000s\000m\000i\000s\000s\000i\000o\000n\000\040\000l\000i\000n\000e\000s}{section.2.2}% 21
\BOOKMARK [2][-]{subsection.2.2.3}{\376\377\000U\000n\000b\000a\000l\000a\000n\000c\000e\000d\000\040\000P\000a\000r\000a\000l\000l\000e\000l\000\040\000w\000i\000r\000e\000\040\000t\000r\000a\000n\000s\000m\000i\000s\000s\000i\000o\000n\000\040\000l\000i\000n\000e\000s}{section.2.2}% 22
\BOOKMARK [2][-]{subsection.2.2.4}{\376\377\000M\000i\000c\000r\000o\000s\000t\000r\000i\000p\000\040\000L\000i\000n\000e}{section.2.2}% 23
\BOOKMARK [2][-]{subsection.2.2.5}{\376\377\000S\000t\000r\000i\000p\000l\000i\000n\000e}{section.2.2}% 24
\BOOKMARK [1][-]{section.2.3}{\376\377\000C\000o\000n\000c\000e\000p\000t\000\040\000o\000f\000\040\000t\000r\000a\000n\000s\000i\000t\000\040\000t\000i\000m\000e\000\040\000e\000f\000f\000e\000c\000t}{chapter.2}% 25
\BOOKMARK [1][-]{section.2.4}{\376\377\000C\000o\000n\000c\000e\000p\000t\000\040\000o\000f\000\040\000D\000i\000s\000t\000r\000i\000b\000u\000t\000e\000d\000\040\000E\000l\000e\000m\000e\000n\000t\000s\000\040\000i\000n\000\040\000a\000\040\000t\000r\000a\000n\000s\000m\000i\000s\000s\000i\000o\000n\000\040\000l\000i\000n\000e}{chapter.2}% 26
\BOOKMARK [1][-]{section.2.5}{\376\377\000T\000e\000l\000e\000g\000r\000a\000p\000h\000e\000r\000'\000s\000\040\000E\000q\000u\000a\000t\000i\000o\000n\000s}{chapter.2}% 27
\BOOKMARK [1][-]{section.2.6}{\376\377\000L\000e\000t\000'\000s\000\040\000U\000n\000d\000e\000r\000s\000t\000a\000n\000d\000\040\000t\000h\000e\000\040\000T\000e\000l\000e\000g\000r\000a\000p\000h\000e\000r\000'\000s\000\040\000E\000q\000u\000a\000t\000i\000o\000n\000s}{chapter.2}% 28
\BOOKMARK [1][-]{section.2.7}{\376\377\000T\000h\000e\000\040\000c\000o\000m\000p\000l\000e\000x\000\040\000q\000u\000a\000n\000t\000i\000t\000y\000\040}{chapter.2}% 29
\BOOKMARK [2][-]{subsection.2.7.1}{\376\377\000T\000h\000e\000\040\000P\000h\000a\000s\000e\000\040\000c\000o\000n\000s\000t\000a\000n\000t}{section.2.7}% 30
\BOOKMARK [2][-]{subsection.2.7.2}{\376\377\000T\000h\000e\000\040\000A\000t\000t\000e\000n\000u\000a\000t\000i\000o\000n\000\040\000c\000o\000n\000s\000t\000a\000n\000t}{section.2.7}% 31
\BOOKMARK [1][-]{section.2.8}{\376\377\000T\000h\000e\000\040\000C\000h\000a\000r\000a\000c\000t\000e\000r\000i\000s\000t\000i\000c\000\040\000I\000m\000p\000e\000d\000a\000n\000c\000e}{chapter.2}% 32
\BOOKMARK [1][-]{section.2.9}{\376\377\000B\000o\000u\000n\000d\000a\000r\000y\000\040\000C\000o\000n\000d\000i\000t\000i\000o\000n\000s}{chapter.2}% 33
\BOOKMARK [1][-]{section.2.10}{\376\377\000T\000h\000e\000\040\000R\000e\000f\000l\000e\000c\000t\000i\000o\000n\000\040\000C\000o\000e\000f\000f\000i\000c\000i\000e\000n\000t}{chapter.2}% 34
\BOOKMARK [0][-]{chapter.3}{\376\377\000M\000A\000X\000I\000M\000U\000M\000\040\000P\000O\000W\000E\000R\000\040\000T\000R\000A\000N\000S\000F\000E\000R\000\040\000A\000N\000D\000\040\000M\000A\000T\000C\000H\000E\000D\000\040\000C\000O\000N\000D\000I\000T\000I\000O\000N}{part.1}% 35
\BOOKMARK [1][-]{section.3.1}{\376\377\000O\000b\000j\000e\000c\000t\000i\000v\000e\000s}{chapter.3}% 36
\BOOKMARK [1][-]{section.3.2}{\376\377\000M\000a\000t\000c\000h\000e\000d\000\040\000C\000o\000n\000d\000i\000t\000i\000o\000n\000\040\000o\000f\000\040\000t\000h\000e\000\040\000T\000r\000a\000n\000s\000m\000i\000s\000s\000i\000o\000n\000\040\000L\000i\000n\000e}{chapter.3}% 37
\BOOKMARK [1][-]{section.3.3}{\376\377\000I\000m\000p\000e\000d\000a\000n\000c\000e\000\040\000T\000r\000a\000n\000s\000f\000o\000r\000m\000a\000t\000i\000o\000n\000\040\000R\000e\000l\000a\000t\000i\000o\000n\000s\000h\000i\000p}{chapter.3}% 38
\BOOKMARK [1][-]{section.3.4}{\376\377\000L\000o\000s\000s\000-\000L\000e\000s\000s\000\040\000T\000r\000a\000n\000s\000m\000i\000s\000s\000i\000o\000n\000\040\000L\000i\000n\000e}{chapter.3}% 39
\BOOKMARK [2][-]{subsection.3.4.1}{\376\377\000P\000r\000o\000p\000a\000g\000a\000t\000i\000o\000n\000\040\000C\000o\000n\000s\000t\000a\000n\000t\000\040\000o\000f\000\040\000L\000o\000s\000s\000-\000L\000e\000s\000s\000\040\000T\000r\000a\000n\000s\000m\000i\000s\000s\000i\000o\000n\000\040\000L\000i\000n\000e}{section.3.4}% 40
\BOOKMARK [2][-]{subsection.3.4.2}{\376\377\000C\000h\000a\000r\000a\000c\000t\000e\000r\000i\000s\000i\000t\000i\000c\000\040\000I\000m\000p\000e\000d\000a\000n\000c\000e\000\040\000L\000o\000s\000s\000-\000L\000e\000s\000s\000\040\000T\000r\000a\000n\000s\000m\000i\000s\000s\000i\000o\000n\000\040\000L\000i\000n\000e}{section.3.4}% 41
\BOOKMARK [1][-]{section.3.5}{\376\377\000L\000o\000w\000-\000l\000o\000s\000s\000\040\000T\000r\000a\000n\000s\000m\000i\000s\000s\000i\000o\000n\000\040\000L\000i\000n\000e}{chapter.3}% 42
\BOOKMARK [2][-]{subsection.3.5.1}{\376\377\000P\000r\000o\000p\000a\000g\000a\000t\000i\000o\000n\000\040\000C\000o\000n\000s\000t\000a\000n\000t\000\040\000o\000f\000\040\000L\000o\000w\000-\000l\000o\000s\000s\000\040\000T\000r\000a\000n\000s\000m\000i\000s\000s\000i\000o\000n\000\040\000L\000i\000n\000e}{section.3.5}% 43
\BOOKMARK [2][-]{subsection.3.5.2}{\376\377\000C\000h\000a\000r\000a\000c\000t\000e\000r\000i\000s\000i\000t\000i\000c\000\040\000I\000m\000p\000e\000d\000a\000n\000c\000e\000\040\000o\000f\000\040\000L\000o\000w\000-\000l\000o\000s\000s\000\040\000T\000r\000a\000n\000s\000m\000i\000s\000s\000i\000o\000n\000\040\000L\000i\000n\000e}{section.3.5}% 44
\BOOKMARK [0][-]{chapter.4}{\376\377\000V\000O\000L\000T\000A\000G\000E\000\040\000A\000N\000D\000\040\000C\000U\000R\000R\000E\000N\000T\000\040\000V\000A\000R\000I\000A\000T\000I\000O\000N\000\040\000I\000N\000\040\000L\000O\000W\000-\000L\000O\000S\000S\000\040\000T\000R\000A\000N\000S\000M\000I\000S\000S\000I\000O\000N\000\040\000L\000I\000N\000E}{part.1}% 45
\BOOKMARK [1][-]{section.4.1}{\376\377\000O\000b\000j\000e\000c\000t\000i\000v\000e\000s}{chapter.4}% 46
\BOOKMARK [1][-]{section.4.2}{\376\377\000V\000o\000l\000t\000a\000g\000e\000\040\000A\000n\000d\000\040\000C\000u\000r\000r\000e\000n\000t\000\040\000V\000a\000r\000i\000a\000t\000i\000o\000n\000\040\000o\000n\000\040\000a\000\040\000L\000o\000s\000s\000l\000e\000s\000s\000\040\000T\000r\000a\000n\000s\000m\000i\000s\000s\000i\000o\000n\000\040\000L\000i\000n\000e}{chapter.4}% 47
\BOOKMARK [1][-]{section.4.3}{\376\377\000C\000o\000n\000c\000e\000p\000t\000\040\000o\000f\000\040\000V\000o\000l\000t\000a\000g\000e\000\040\000S\000t\000a\000n\000d\000i\000n\000g\000\040\000W\000a\000v\000e\000\040\000R\000a\000t\000i\000o\000\040\000\050\000V\000S\000W\000R\000\051}{chapter.4}% 48
\BOOKMARK [1][-]{section.4.4}{\376\377\000C\000o\000n\000d\000i\000t\000i\000o\000n\000\040\000f\000o\000r\000\040\000F\000u\000l\000l\000\040\000R\000e\000f\000l\000e\000c\000t\000i\000o\000n\000\040\000a\000t\000\040\000L\000o\000a\000d\000\040\000E\000n\000d}{chapter.4}% 49
\BOOKMARK [2][-]{subsection.4.4.1}{\376\377\000C\000o\000n\000d\000i\000t\000i\000o\000n\000s\000\040\000f\000o\000r\000\040\000w\000h\000i\000c\000h\000\040\000|\000_\000L\000|\000=\0001}{section.4.4}% 50
\BOOKMARK [1][-]{section.4.5}{\376\377\000M\000a\000x\000i\000m\000u\000m\000\040\000a\000n\000d\000\040\000M\000i\000n\000i\000m\000u\000m\000\040\000R\000e\000s\000i\000s\000t\000a\000n\000c\000e}{chapter.4}% 51
\BOOKMARK [1][-]{section.4.6}{\376\377\000I\000m\000p\000e\000d\000a\000n\000c\000e\000\040\000T\000r\000a\000n\000s\000f\000o\000r\000m\000a\000t\000i\000o\000n\000\040\000o\000n\000\040\000a\000\040\000L\000o\000s\000s\000l\000e\000s\000s\000\040\000T\000r\000a\000n\000s\000m\000i\000s\000s\000i\000o\000n\000\040\000L\000i\000n\000e}{chapter.4}% 52
\BOOKMARK [2][-]{subsection.4.6.1}{\376\377\000N\000o\000r\000m\000a\000l\000i\000z\000e\000d\000\040\000i\000m\000p\000e\000d\000a\000n\000c\000e\000\040\000v\000a\000l\000u\000e\000\040\000r\000e\000p\000e\000a\000t\000\040\000e\000v\000e\000r\000y\000\040\000=\0002\000\040\000\040\000=\0001\000=\000+\0001\0002\000=\0000\000\040\000d\000i\000s\000t\000a\000n\000c\000e}{section.4.6}% 53
\BOOKMARK [2][-]{subsection.4.6.2}{\376\377\000N\000o\000r\000m\000a\000l\000i\000z\000e\000d\000\040\000i\000m\000p\000e\000d\000a\000n\000c\000e\000\040\000i\000n\000v\000e\000r\000t\000s\000\040\000a\000t\000\040\000e\000v\000e\000r\000y\000\040\000=\0002\000\040\000\040\000=\0001\000=\000+\0001\0004\000=\0000\000\040\000d\000i\000s\000t\000a\000n\000c\000e}{section.4.6}% 54
\BOOKMARK [2][-]{subsection.4.6.3}{\376\377\000T\000h\000e\000\040\000m\000a\000t\000c\000h\000i\000n\000g\000\040\000c\000o\000n\000d\000i\000t\000i\000o\000n\000\040\000c\000h\000a\000r\000a\000c\000t\000e\000r\000i\000s\000t\000i\000c\000s}{section.4.6}% 55
\BOOKMARK [1][-]{section.4.7}{\376\377\000P\000o\000w\000e\000r\000\040\000T\000r\000a\000n\000s\000f\000e\000r\000\040\000o\000n\000\040\000T\000r\000a\000n\000s\000m\000i\000s\000s\000i\000o\000n\000\040\000L\000i\000n\000e}{chapter.4}% 56
\BOOKMARK [1][-]{section.4.8}{\376\377\000E\000v\000a\000l\000u\000a\000t\000i\000o\000n\000\040\000o\000f\000\040\000V\000^\000+}{chapter.4}% 57
\BOOKMARK [1][-]{section.4.9}{\376\377\000I\000n\000t\000r\000o\000d\000u\000c\000t\000i\000o\000n\000\040\000t\000o\000\040\000S\000m\000i\000t\000h\000\040\000c\000h\000a\000r\000t}{chapter.4}% 58
\BOOKMARK [2][-]{subsection.4.9.1}{\376\377\000O\000b\000j\000e\000c\000t\000i\000v\000e\000s}{section.4.9}% 59
\BOOKMARK [2][-]{subsection.4.9.2}{\376\377\000P\000l\000a\000n\000e\000\040\000T\000r\000a\000n\000s\000f\000o\000r\000m\000a\000t\000i\000o\000n}{section.4.9}% 60
\BOOKMARK [2][-]{subsection.4.9.3}{\376\377\000T\000r\000a\000n\000s\000f\000o\000r\000m\000a\000t\000i\000o\000n\000\040\000a\000n\000a\000l\000y\000s\000i\000s\000\040\000f\000o\000r\000\040\000c\000o\000m\000p\000l\000e\000x\000\040\000p\000l\000a\000n\000e}{section.4.9}% 61
\BOOKMARK [2][-]{subsection.4.9.4}{\376\377\000C\000i\000r\000c\000l\000e\000\040\000o\000f\000\040\000C\000o\000n\000s\000t\000a\000n\000t\000\040\000R\000e\000s\000i\000s\000t\000a\000n\000c\000e}{section.4.9}% 62
\BOOKMARK [2][-]{subsection.4.9.5}{\376\377\000C\000i\000r\000c\000l\000e\000\040\000o\000f\000\040\000C\000o\000n\000s\000t\000a\000n\000t\000\040\000R\000e\000a\000c\000t\000a\000n\000c\000e}{section.4.9}% 63
\BOOKMARK [1][-]{section.4.10}{}{chapter.4}% 64
\BOOKMARK [1][-]{section.4.11}{\376\377\000C\000o\000n\000c\000e\000p\000t\000\040\000o\000f\000\040\000c\000o\000n\000s\000t\000a\000n\000t\000\040\000V\000S\000W\000R\000\040\000c\000i\000r\000c\000l\000e\000\040\000i\000n\000\040\000l\000o\000s\000s\000l\000e\000s\000s\000\040\000t\000r\000a\000n\000s\000m\000i\000s\000s\000i\000o\000n\000\040\000l\000i\000n\000e\000\040\000a\000n\000a\000l\000y\000s\000i\000s}{chapter.4}% 65
\BOOKMARK [1][-]{section.4.12}{\376\377\000T\000r\000a\000n\000s\000m\000i\000s\000s\000i\000o\000n\000\040\000L\000i\000n\000e\000\040\000A\000n\000a\000l\000y\000s\000i\000s\000\040\000u\000s\000i\000n\000g\000\040\000A\000d\000m\000i\000t\000t\000a\000n\000c\000e}{chapter.4}% 66
\BOOKMARK [1][-]{section.4.13}{\376\377\000U\000s\000e\000\040\000o\000f\000\040\000S\000m\000i\000t\000h\000\040\000c\000h\000a\000r\000t\000\040\000f\000o\000r\000\040\000T\000r\000a\000n\000s\000m\000i\000s\000s\000i\000o\000n\000\040\000L\000i\000n\000e\000\040\000C\000a\000l\000c\000u\000l\000a\000t\000i\000o\000n}{chapter.4}% 67
\BOOKMARK [2][-]{subsection.4.13.1}{}{section.4.13}% 68
\BOOKMARK [2][-]{subsection.4.13.2}{\376\377\000V\000o\000l\000t\000a\000g\000e\000\040\000S\000t\000a\000n\000d\000i\000n\000g\000\040\000W\000a\000v\000e\000\040\000R\000a\000t\000i\000o\000\040\000\050\000V\000S\000W\000R\000\051}{section.4.13}% 69
\BOOKMARK [2][-]{subsection.4.13.3}{\376\377\000L\000o\000c\000a\000t\000i\000o\000n\000\040\000o\000f\000\040}{section.4.13}% 70
\BOOKMARK [2][-]{subsection.4.13.4}{\376\377\000I\000d\000e\000n\000t\000i\000f\000y\000i\000n\000g\000\040\000\040\000f\000r\000o\000m\000\040\000S\000t\000a\000n\000d\000i\000n\000g\000\040\000W\000a\000v\000e\000\040\000P\000a\000t\000t\000e\000r\000n}{section.4.13}% 71
\BOOKMARK [1][-]{section.4.14}{\376\377\000A\000p\000p\000l\000i\000c\000a\000t\000i\000o\000n\000s\000\040\000o\000f\000\040\000t\000r\000a\000n\000s\000m\000i\000s\000s\000i\000o\000n\000\040\000l\000i\000n\000e\000s}{chapter.4}% 72
\BOOKMARK [2][-]{subsection.4.14.1}{\376\377\000M\000e\000a\000s\000u\000r\000e\000m\000e\000n\000t\000\040\000o\000f\000\040}{section.4.14}% 73
\BOOKMARK [2][-]{subsection.4.14.2}{\376\377\000A\000s\000\040\000a\000\040\000C\000i\000r\000c\000u\000i\000t\000\040\000E\000l\000e\000m\000e\000n\000t}{section.4.14}% 74
\BOOKMARK [2][-]{subsection.4.14.3}{\376\377\000A\000s\000\040\000a\000\040\000R\000e\000s\000o\000n\000a\000n\000t\000\040\000c\000i\000r\000c\000u\000i\000t}{section.4.14}% 75
\BOOKMARK [2][-]{subsection.4.14.4}{\376\377\000A\000s\000\040\000a\000\040\000S\000t\000e\000p\000\040\000U\000p\000\040\000T\000r\000a\000n\000s\000f\000o\000r\000m\000e\000r}{section.4.14}% 76
\BOOKMARK [2][-]{subsection.4.14.5}{\376\377\000M\000a\000t\000c\000h\000i\000n\000g\000\040\000O\000f\000\040\000I\000m\000p\000e\000d\000a\000n\000c\000e\000s}{section.4.14}% 77
\BOOKMARK [1][-]{section.4.15}{\376\377\000L\000o\000s\000s\000y\000\040\000T\000r\000a\000n\000s\000m\000i\000s\000s\000i\000o\000n\000\040\000L\000i\000n\000e}{chapter.4}% 78
\BOOKMARK [2][-]{subsection.4.15.1}{\376\377\000V\000e\000r\000y\000\040\000L\000o\000s\000s\000y\000\040\000T\000r\000a\000n\000s\000m\000i\000s\000s\000i\000o\000n\000\040\000L\000i\000n\000e}{section.4.15}% 79
\BOOKMARK [2][-]{subsection.4.15.2}{\376\377\000M\000o\000d\000e\000r\000a\000t\000e\000l\000y\000\040\000L\000o\000s\000s\000y\000\040\000T\000r\000a\000n\000s\000m\000i\000s\000s\000i\000o\000n\000\040\000L\000i\000n\000e}{section.4.15}% 80
\BOOKMARK [2][-]{subsection.4.15.3}{\376\377\000C\000h\000a\000r\000a\000c\000t\000e\000r\000i\000s\000t\000i\000c\000\040\000I\000m\000p\000e\000d\000a\000n\000c\000e\000\040\000a\000n\000d\000\040\000P\000r\000o\000p\000a\000g\000a\000t\000i\000o\000n\000\040\000C\000o\000n\000s\000t\000a\000n\000t\000\040\000m\000e\000a\000s\000u\000r\000e\000m\000e\000n\000t}{section.4.15}% 81
\BOOKMARK [1][-]{section.4.16}{\376\377\000V\000a\000r\000i\000o\000u\000s\000\040\000T\000y\000p\000e\000s\000\040\000o\000f\000\040\000T\000r\000a\000n\000s\000m\000i\000s\000s\000i\000o\000n\000\040\000L\000i\000n\000e\000s}{chapter.4}% 82
\BOOKMARK [2][-]{subsection.4.16.1}{\376\377\000C\000o\000a\000x\000i\000a\000l\000\040\000l\000i\000n\000e}{section.4.16}% 83
\BOOKMARK [2][-]{subsection.4.16.2}{\376\377\000P\000a\000r\000a\000l\000l\000e\000l\000\040\000w\000i\000r\000e\000\040\000t\000r\000a\000n\000s\000m\000i\000s\000s\000i\000o\000n\000\040\000l\000i\000n\000e\000\040\000\050\000b\000a\000l\000a\000n\000c\000e\000d\000\051}{section.4.16}% 84
\BOOKMARK [2][-]{subsection.4.16.3}{\376\377\000M\000i\000c\000r\000o\000s\000t\000r\000i\000p\000\040\000l\000i\000n\000e\000\040\000s\000t\000r\000u\000c\000t\000u\000r\000e}{section.4.16}% 85
\BOOKMARK [1][-]{section.4.17}{\376\377\000C\000o\000n\000c\000l\000u\000s\000i\000o\000n}{chapter.4}% 86
\BOOKMARK [1][-]{section.4.18}{\376\377\000E\000x\000e\000r\000c\000i\000s\000e\000s}{chapter.4}% 87
\BOOKMARK [0][-]{chapter.5}{\376\377\000C\000o\000o\000r\000d\000i\000n\000a\000t\000e\000\040\000S\000y\000s\000t\000e\000m\000\040\000a\000n\000d\000\040\000V\000e\000c\000t\000o\000r\000s}{part.1}% 88
\BOOKMARK [1][-]{section.5.1}{\376\377\000O\000b\000j\000e\000c\000t\000i\000v\000e\000s}{chapter.5}% 89
\BOOKMARK [1][-]{section.5.2}{\376\377\000C\000o\000o\000r\000d\000i\000n\000a\000t\000e\000\040\000s\000y\000s\000t\000e\000m\000s}{chapter.5}% 90
\BOOKMARK [2][-]{subsection.5.2.1}{\376\377\000C\000a\000r\000t\000e\000s\000i\000a\000n\000\040\000c\000o\000o\000r\000d\000i\000n\000a\000t\000e\000\040\000s\000y\000s\000t\000e\000m}{section.5.2}% 91
\BOOKMARK [2][-]{subsection.5.2.2}{\376\377\000C\000y\000l\000i\000n\000d\000r\000i\000c\000a\000l\000\040\000c\000o\000o\000r\000d\000i\000n\000a\000t\000e\000\040\000s\000y\000s\000t\000e\000m}{section.5.2}% 92
\BOOKMARK [2][-]{subsection.5.2.3}{\376\377\000S\000p\000h\000e\000r\000i\000c\000a\000l\000\040\000c\000o\000o\000r\000d\000i\000n\000a\000t\000e\000\040\000s\000y\000s\000t\000e\000m}{section.5.2}% 93
\BOOKMARK [1][-]{section.5.3}{\376\377\000V\000e\000c\000t\000o\000r\000\040\000a\000n\000a\000l\000y\000s\000i\000s}{chapter.5}% 94
\BOOKMARK [2][-]{subsection.5.3.1}{\376\377\000B\000a\000s\000i\000c\000\040\000o\000p\000e\000r\000a\000t\000i\000o\000n\000\040\000o\000f\000\040\000v\000e\000c\000t\000o\000r\000s}{section.5.3}% 95
\BOOKMARK [2][-]{subsection.5.3.2}{\376\377\000S\000c\000a\000l\000a\000r\000\040\000p\000r\000o\000d\000u\000c\000t\000\040\000o\000r\000\040\000d\000o\000t\000\040\000p\000r\000o\000d\000u\000c\000t}{section.5.3}% 96
\BOOKMARK [2][-]{subsection.5.3.3}{\376\377\000V\000e\000c\000t\000o\000r\000\040\000o\000r\000\040\000c\000r\000o\000s\000s\000\040\000p\000r\000o\000d\000u\000c\000t}{section.5.3}% 97
\BOOKMARK [1][-]{section.5.4}{\376\377\000E\000x\000e\000r\000c\000i\000s\000e\000s}{chapter.5}% 98
\BOOKMARK [1][-]{section.5.5}{\376\377\000D\000i\000v\000e\000r\000g\000e\000n\000c\000e\000\040\000a\000n\000d\000\040\000S\000t\000o\000k\000e\000s\000\040\000T\000h\000e\000o\000r\000e\000m}{chapter.5}% 99
\BOOKMARK [2][-]{subsection.5.5.1}{\376\377\000D\000i\000v\000e\000r\000g\000e\000n\000c\000e\000\040\000o\000r\000\040\000C\000u\000r\000l\000\040\000P\000r\000o\000d\000u\000c\000i\000n\000g\000\040\000V\000e\000c\000t\000o\000r\000\040\000F\000i\000e\000l\000d\000s}{section.5.5}% 100
\BOOKMARK [2][-]{subsection.5.5.2}{\376\377\000L\000a\000p\000l\000a\000c\000i\000a\000n\000\040\000o\000p\000e\000r\000a\000t\000o\000r}{section.5.5}% 101
\BOOKMARK [2][-]{subsection.5.5.3}{\376\377\000I\000n\000t\000e\000g\000r\000a\000l\000\040\000O\000p\000e\000r\000a\000t\000o\000r\000s}{section.5.5}% 102
\BOOKMARK [2][-]{subsection.5.5.4}{\376\377\000L\000i\000n\000e\000\040\000I\000n\000t\000e\000g\000r\000a\000l}{section.5.5}% 103
\BOOKMARK [2][-]{subsection.5.5.5}{\376\377\000S\000u\000r\000f\000a\000c\000e\000\040\000I\000n\000t\000e\000g\000r\000a\000l\000\040\000f\000o\000r\000\040\000I\000n\000f\000i\000n\000i\000t\000e\000s\000i\000m\000a\000l\000l\000y\000\040\000s\000m\000a\000l\000l\000\040\000A\000r\000e\000a}{section.5.5}% 104
\BOOKMARK [2][-]{subsection.5.5.6}{\376\377\000V\000o\000l\000u\000m\000e\000\040\000I\000n\000t\000e\000g\000r\000a\000l}{section.5.5}% 105
\BOOKMARK [2][-]{subsection.5.5.7}{\376\377\000D\000i\000v\000e\000r\000g\000e\000n\000c\000e\000\040\000T\000h\000e\000o\000r\000e\000m}{section.5.5}% 106
\BOOKMARK [2][-]{subsection.5.5.8}{\376\377\000S\000t\000o\000k\000e\000s\000\040\000T\000h\000e\000o\000r\000e\000m}{section.5.5}% 107
\BOOKMARK [2][-]{subsection.5.5.9}{\376\377\000S\000u\000m\000m\000a\000r\000y}{section.5.5}% 108
\BOOKMARK [1][-]{section.5.6}{\376\377\000E\000X\000E\000R\000C\000I\000S\000E\000S}{chapter.5}% 109
\BOOKMARK [0][-]{chapter.6}{\376\377\000T\000h\000e\000\040\000B\000a\000s\000i\000c\000\040\000L\000a\000w\000s\000\040\000T\000o\000\040\000M\000a\000x\000w\000e\000l\000l\000'\000s\000\040\000E\000q\000u\000a\000t\000i\000o\000n\000\040\000\050\0001\000\051}{part.1}% 110
\BOOKMARK [1][-]{section.6.1}{\376\377\000O\000B\000J\000E\000C\000T\000I\000V\000E\000S}{chapter.6}% 111
\BOOKMARK [1][-]{section.6.2}{\376\377\000I\000N\000T\000R\000O\000D\000U\000C\000T\000I\000O\000N}{chapter.6}% 112
\BOOKMARK [1][-]{section.6.3}{\376\377\000M\000a\000g\000n\000e\000t\000i\000c\000\040\000F\000l\000u\000x\000\040\000D\000e\000n\000s\000i\000t\000y\000\040}{chapter.6}% 113
\BOOKMARK [1][-]{section.6.4}{\376\377\000O\000h\000m\000'\000s\000\040\000L\000a\000w}{chapter.6}% 114
\BOOKMARK [1][-]{section.6.5}{\376\377\000T\000h\000e\000\040\000P\000h\000y\000s\000i\000c\000a\000l\000\040\000L\000a\000w\000s\000\040\000T\000o\000\040\000M\000a\000x\000w\000e\000l\000l\000'\000s\000\040\000E\000q\000u\000a\000t\000i\000o\000n}{chapter.6}% 115
\BOOKMARK [1][-]{section.6.6}{\376\377\000G\000a\000u\000s\000s\000\040\000L\000a\000w}{chapter.6}% 116
\BOOKMARK [1][-]{section.6.7}{\376\377\000A\000m\000p\000e\000r\000e\000s\000\040\000L\000a\000w}{chapter.6}% 117
\BOOKMARK [1][-]{section.6.8}{\376\377\000F\000a\000r\000a\000d\000a\000y\000'\000s\000\040\000L\000a\000w\000\040\000o\000f\000\040\000E\000l\000e\000c\000t\000r\000o\000m\000a\000g\000n\000e\000t\000i\000c\000\040\000I\000n\000d\000u\000c\000t\000i\000o\000n}{chapter.6}% 118
\BOOKMARK [1][-]{section.6.9}{\376\377\000S\000u\000m\000m\000a\000r\000y}{chapter.6}% 119
\BOOKMARK [1][-]{section.6.10}{\376\377\000E\000X\000E\000R\000C\000I\000S\000E}{chapter.6}% 120
\BOOKMARK [0][-]{chapter.7}{\376\377\000T\000h\000e\000\040\000B\000a\000s\000i\000c\000\040\000L\000a\000w\000s\000\040\000T\000o\000\040\000M\000a\000x\000w\000e\000l\000l\000'\000s\000\040\000E\000q\000u\000a\000t\000i\000o\000n\000\040\000\050\0002\000\051}{part.1}% 121
\BOOKMARK [1][-]{section.7.1}{\376\377\000O\000B\000J\000E\000C\000T\000I\000V\000E\000S}{chapter.7}% 122
\BOOKMARK [1][-]{section.7.2}{\376\377\000I\000N\000T\000R\000O\000D\000U\000C\000T\000I\000O\000N}{chapter.7}% 123
\BOOKMARK [1][-]{section.7.3}{\376\377\000A\000m\000p\000e\000r\000e\000\040\000C\000i\000r\000c\000u\000i\000t\000\040\000L\000a\000w\000\040\000M\000o\000d\000i\000f\000i\000c\000a\000t\000i\000o\000n\000\040\000a\000n\000d\000\040\000M\000a\000x\000w\000e\000l\000l\000'\000s\000\040\000E\000q\000u\000a\000t\000i\000o\000n\000s}{chapter.7}% 124
\BOOKMARK [1][-]{section.7.4}{\376\377\000C\000o\000n\000c\000e\000p\000t\000\040\000o\000f\000\040\000S\000u\000r\000f\000a\000c\000e\000\040\000C\000h\000a\000r\000g\000e\000s\000\040\000a\000n\000d\000\040\000S\000u\000r\000f\000a\000c\000e\000\040\000C\000u\000r\000r\000e\000n\000t}{chapter.7}% 125
\BOOKMARK [2][-]{subsection.7.4.1}{\376\377\000S\000u\000r\000f\000a\000c\000e\000\040\000C\000h\000a\000r\000g\000e\000\040\000a\000n\000d\000\040\000S\000u\000r\000f\000a\000c\000e\000\040\000C\000h\000a\000r\000g\000e\000\040\000D\000e\000n\000s\000i\000t\000y}{section.7.4}% 126
\BOOKMARK [2][-]{subsection.7.4.2}{\376\377\000S\000u\000r\000f\000a\000c\000e\000\040\000C\000u\000r\000r\000e\000n\000t\000\040\000a\000n\000d\000\040\000S\000u\000r\000f\000a\000c\000e\000\040\000C\000u\000r\000r\000e\000n\000t\000\040\000D\000e\000n\000s\000i\000t\000y}{section.7.4}% 127
\BOOKMARK [1][-]{section.7.5}{\376\377\000P\000r\000o\000b\000l\000e\000m\000s}{chapter.7}% 128
\BOOKMARK [1][-]{section.7.6}{\376\377\000E\000X\000E\000R\000C\000I\000S\000E}{chapter.7}% 129
\BOOKMARK [0][-]{chapter.8}{\376\377\000M\000e\000d\000i\000u\000m\000\040\000o\000f\000\040\000F\000i\000n\000i\000t\000e\000\040\000C\000o\000n\000d\000u\000c\000t\000i\000v\000i\000t\000y}{part.1}% 130
\BOOKMARK [1][-]{section.8.1}{\376\377\000O\000b\000j\000e\000c\000t\000i\000v\000e\000s}{chapter.8}% 131
\BOOKMARK [1][-]{section.8.2}{\376\377\000M\000a\000x\000w\000e\000l\000l\000'\000s\000\040\000e\000q\000u\000a\000t\000i\000o\000n\000\040\000i\000n\000\040\000r\000e\000l\000a\000t\000i\000o\000n\000\040\000t\000o\000\040\000A\000m\000p\000e\000r\000e\000'\000s\000\040\000L\000a\000w}{chapter.8}% 132
\BOOKMARK [1][-]{section.8.3}{\376\377\000C\000o\000m\000p\000l\000e\000x\000\040\000D\000i\000e\000l\000e\000c\000t\000r\000i\000c\000\040\000C\000o\000n\000s\000t\000a\000n\000t}{chapter.8}% 133
\BOOKMARK [1][-]{section.8.4}{\376\377\000P\000r\000o\000p\000a\000g\000a\000t\000i\000o\000n\000\040\000o\000f\000\040\000E\000l\000e\000c\000t\000r\000o\000m\000a\000g\000n\000e\000t\000i\000c\000\040\000W\000a\000v\000e\000s}{chapter.8}% 134
\BOOKMARK [2][-]{subsection.8.4.1}{\376\377\000W\000a\000v\000e\000\040\000e\000q\000u\000a\000t\000i\000o\000n}{section.8.4}% 135
\BOOKMARK [1][-]{section.8.5}{\376\377\000L\000o\000s\000s\000\040\000T\000a\000n\000g\000e\000n\000t}{chapter.8}% 136
\BOOKMARK [1][-]{section.8.6}{\376\377\000E\000x\000e\000r\000c\000i\000s\000e\000L\000i\000s\000t}{chapter.8}% 137
\BOOKMARK [0][-]{chapter.9}{\376\377\000W\000a\000v\000e\000\040\000P\000r\000o\000p\000a\000g\000a\000t\000i\000o\000n\000\040\000i\000n\000\040\000a\000\040\000M\000e\000d\000i\000u\000m}{part.1}% 138
\BOOKMARK [1][-]{section.9.1}{\376\377\000O\000b\000j\000e\000c\000t\000i\000v\000e}{chapter.9}% 139
\BOOKMARK [1][-]{section.9.2}{\376\377\000E\000f\000f\000e\000c\000t\000i\000v\000e\000\040\000D\000e\000p\000t\000h}{chapter.9}% 140
\BOOKMARK [1][-]{section.9.3}{\376\377\000P\000h\000a\000s\000e\000\040\000V\000e\000l\000o\000c\000i\000t\000y}{chapter.9}% 141
\BOOKMARK [1][-]{section.9.4}{\376\377\000T\000h\000e\000\040\000C\000a\000s\000e\000\040\000o\000f\000\040\000a\000\040\000P\000u\000r\000e\000\040\000D\000i\000e\000l\000e\000c\000t\000r\000i\000c}{chapter.9}% 142
\BOOKMARK [1][-]{section.9.5}{\376\377\000E\000x\000e\000r\000c\000i\000s\000e\000L\000i\000s\000t}{chapter.9}% 143
\BOOKMARK [0][-]{chapter.10}{\376\377\000P\000o\000w\000e\000r\000\040\000F\000l\000o\000w\000\040\000i\000n\000\040\000a\000n\000\040\000E\000l\000e\000c\000t\000r\000o\000m\000a\000g\000n\000e\000t\000i\000c\000\040\000W\000a\000v\000e}{part.1}% 144
\BOOKMARK [1][-]{section.10.1}{\376\377\000O\000b\000j\000e\000c\000t\000i\000v\000e}{chapter.10}% 145
\BOOKMARK [2][-]{subsection.10.1.1}{\376\377\000I\000N\000T\000R\000O\000D\000U\000C\000T\000I\000O\000N}{section.10.1}% 146
\BOOKMARK [1][-]{section.10.2}{\376\377\000P\000o\000y\000n\000t\000i\000n\000g\000\040\000t\000h\000e\000o\000r\000e\000m\000\040\000a\000n\000d\000\040\000P\000o\000y\000n\000t\000i\000n\000g\000\040\000v\000e\000c\000t\000o\000r}{chapter.10}% 147
\BOOKMARK [1][-]{section.10.3}{\376\377\000U\000n\000i\000f\000o\000r\000m\000\040\000P\000l\000a\000n\000e\000\040\000w\000a\000v\000e}{chapter.10}% 148
\BOOKMARK [1][-]{section.10.4}{\376\377\000E\000x\000e\000r\000c\000i\000s\000e\000L\000i\000s\000t}{chapter.10}% 149
\BOOKMARK [0][-]{chapter.11}{\376\377\000S\000u\000r\000f\000a\000c\000e\000\040\000c\000u\000r\000r\000e\000n\000t\000\040\000a\000n\000d\000\040\000p\000o\000w\000e\000r\000\040\000l\000o\000s\000s\000\040\000i\000n\000\040\000a\000\040\000c\000o\000n\000d\000u\000c\000t\000o\000r}{part.1}% 150
\BOOKMARK [1][-]{section.11.1}{\376\377\000O\000b\000j\000e\000c\000t\000i\000v\000e}{chapter.11}% 151
\BOOKMARK [2][-]{subsection.11.1.1}{}{section.11.1}% 152
\BOOKMARK [1][-]{section.11.2}{\376\377\000E\000x\000e\000r\000c\000i\000s\000e\000L\000i\000s\000t}{chapter.11}% 153
\BOOKMARK [0][-]{chapter.12}{\376\377\000U\000n\000i\000f\000o\000r\000m\000\040\000P\000l\000a\000n\000e\000\040\000W\000a\000v\000e\000\040\000i\000n\000\040\000a\000n\000\040\000a\000r\000b\000i\000t\000r\000a\000r\000y\000\040\000d\000i\000r\000e\000c\000t\000i\000o\000n}{part.1}% 154
\BOOKMARK [1][-]{section.12.1}{\376\377\000O\000b\000j\000e\000c\000t\000i\000v\000e}{chapter.12}% 155
\BOOKMARK [1][-]{section.12.2}{}{chapter.12}% 156
\BOOKMARK [1][-]{section.12.3}{\376\377\000W\000a\000v\000e\000\040\000i\000n\000\040\000a\000r\000b\000i\000t\000r\000a\000r\000y\000\040\000d\000i\000r\000e\000c\000t\000i\000o\000n}{chapter.12}% 157
\BOOKMARK [1][-]{section.12.4}{\376\377\000E\000x\000e\000r\000c\000i\000s\000e\000L\000i\000s\000t}{chapter.12}% 158
\BOOKMARK [0][-]{chapter.13}{\376\377\000W\000a\000v\000e\000\040\000p\000r\000o\000p\000a\000g\000a\000t\000i\000n\000g\000\040\000i\000n\000\040\000a\000\040\000b\000o\000u\000n\000d\000\040\000m\000e\000d\000i\000u\000m}{part.1}% 159
\BOOKMARK [1][-]{section.13.1}{\376\377\000L\000e\000a\000r\000n\000i\000n\000g\000\040\000O\000u\000t\000c\000o\000m\000e\000s\000:}{chapter.13}% 160
\BOOKMARK [1][-]{section.13.2}{\376\377\000I\000n\000t\000r\000o\000d\000u\000c\000t\000i\000o\000n}{chapter.13}% 161
\BOOKMARK [1][-]{section.13.3}{\376\377\000P\000l\000a\000n\000e\000\040\000w\000a\000v\000e\000\040\000a\000t\000\040\000m\000e\000d\000i\000a\000\040\000i\000n\000t\000e\000r\000f\000a\000c\000e}{chapter.13}% 162
\BOOKMARK [1][-]{section.13.4}{\376\377\000I\000n\000c\000i\000d\000e\000n\000t\000\040\000w\000a\000v\000e\000\040\000a\000t\000\040\000a\000\040\000m\000e\000d\000i\000a\000\040\000i\000n\000t\000e\000r\000f\000a\000c\000e}{chapter.13}% 163
\BOOKMARK [0][-]{chapter.14}{\376\377\000T\000o\000t\000a\000l\000\040\000I\000n\000t\000e\000r\000n\000a\000l\000\040\000R\000e\000f\000l\000e\000c\000t\000i\000o\000n}{part.1}% 164
\BOOKMARK [1][-]{section.14.1}{\376\377\000L\000e\000a\000r\000n\000i\000n\000g\000\040\000O\000u\000t\000c\000o\000m\000e\000s\000:}{chapter.14}% 165
\BOOKMARK [1][-]{section.14.2}{\376\377\000I\000n\000t\000r\000o\000d\000u\000c\000t\000i\000o\000n}{chapter.14}% 166
\BOOKMARK [1][-]{section.14.3}{\376\377\000S\000n\000e\000l\000l\000'\000s\000\040\000L\000a\000w}{chapter.14}% 167
\BOOKMARK [1][-]{section.14.4}{\376\377\000C\000o\000n\000d\000i\000t\000i\000o\000n\000s\000\040\000F\000o\000r\000\040\000T\000o\000t\000a\000l\000\040\000I\000n\000t\000e\000r\000n\000a\000l\000\040\000R\000e\000f\000l\000e\000c\000t\000i\000o\000n}{chapter.14}% 168
\BOOKMARK [1][-]{section.14.5}{\376\377\000R\000e\000a\000c\000t\000i\000v\000e\000\040\000F\000i\000e\000l\000d\000s}{chapter.14}% 169
\BOOKMARK [1][-]{section.14.6}{\376\377\000W\000a\000v\000e\000\040\000G\000u\000i\000d\000e\000s}{chapter.14}% 170
\BOOKMARK [0][-]{chapter.15}{\376\377\000P\000o\000l\000a\000r\000i\000z\000a\000t\000i\000o\000n\000\040\000a\000c\000r\000o\000s\000s\000\040\000D\000i\000e\000l\000e\000c\000t\000r\000i\000c\000\040\000I\000n\000t\000e\000r\000f\000a\000c\000e}{part.1}% 171
\BOOKMARK [1][-]{section.15.1}{\376\377\000L\000e\000a\000r\000n\000i\000n\000g\000\040\000O\000u\000t\000c\000o\000m\000e\000s\000:}{chapter.15}% 172
\BOOKMARK [1][-]{section.15.2}{\376\377\000I\000n\000t\000r\000o\000d\000u\000c\000t\000i\000o\000n}{chapter.15}% 173
\BOOKMARK [1][-]{section.15.3}{\376\377\000D\000e\000c\000o\000m\000p\000o\000s\000i\000t\000i\000o\000n\000\040\000o\000f\000\040\000P\000o\000l\000a\000r\000i\000z\000e\000d\000\040\000w\000a\000v\000e}{chapter.15}% 174
\BOOKMARK [2][-]{subsection.15.3.1}{\376\377\000I\000n\000c\000i\000d\000e\000n\000t\000\040\000w\000a\000v\000e}{section.15.3}% 175
\BOOKMARK [2][-]{subsection.15.3.2}{\376\377\000R\000e\000f\000l\000e\000c\000t\000e\000d\000\040\000W\000a\000v\000e}{section.15.3}% 176
\BOOKMARK [2][-]{subsection.15.3.3}{\376\377\000T\000r\000a\000n\000s\000m\000i\000t\000t\000e\000d\000\040\000W\000a\000v\000e}{section.15.3}% 177
\BOOKMARK [2][-]{subsection.15.3.4}{\376\377\000C\000o\000m\000b\000i\000n\000a\000t\000i\000o\000n\000\040\000o\000f\000\040\000E\000_\000i\000,\000\040\000E\000_\000r\000\040\000a\000n\000d\000\040\000E\000_\000t}{section.15.3}% 178
\BOOKMARK [1][-]{section.15.4}{\376\377\000L\000i\000n\000e\000a\000r\000l\000y\000\040\000P\000o\000l\000a\000r\000i\000z\000e\000d\000\040\000W\000a\000v\000e}{chapter.15}% 179
\BOOKMARK [2][-]{subsection.15.4.1}{\376\377\000N\000o\000r\000m\000a\000l\000\040\000R\000e\000f\000l\000e\000c\000t\000i\000o\000n}{section.15.4}% 180
\BOOKMARK [2][-]{subsection.15.4.2}{\376\377\000T\000o\000t\000a\000l\000\040\000I\000n\000t\000e\000r\000n\000a\000l\000\040\000R\000e\000f\000l\000e\000c\000t\000i\000o\000n}{section.15.4}% 181
\BOOKMARK [1][-]{section.15.5}{\376\377\000C\000i\000r\000c\000u\000l\000a\000r\000\040\000P\000o\000l\000a\000r\000i\000z\000a\000t\000i\000o\000n}{chapter.15}% 182
\BOOKMARK [2][-]{subsection.15.5.1}{\376\377\000N\000o\000r\000m\000a\000l\000\040\000R\000e\000f\000l\000e\000c\000t\000i\000o\000n}{section.15.5}% 183
\BOOKMARK [2][-]{subsection.15.5.2}{\376\377\000T\000o\000t\000a\000l\000\040\000I\000n\000t\000e\000r\000n\000a\000l\000\040\000R\000e\000f\000l\000e\000c\000t\000i\000o\000n}{section.15.5}% 184
\BOOKMARK [1][-]{section.15.6}{\376\377\000B\000r\000e\000w\000s\000t\000e\000r\000\040\000A\000n\000g\000l\000e}{chapter.15}% 185
\BOOKMARK [2][-]{subsection.15.6.1}{\376\377\000P\000a\000r\000a\000l\000l\000e\000l\000\040\000P\000o\000l\000a\000r\000i\000z\000a\000t\000i\000o\000n}{section.15.6}% 186
\BOOKMARK [2][-]{subsection.15.6.2}{\376\377\000P\000e\000r\000p\000e\000n\000d\000i\000c\000u\000l\000a\000r\000\040\000P\000o\000l\000a\000r\000i\000z\000a\000t\000i\000o\000n}{section.15.6}% 187
\BOOKMARK [0][-]{chapter.16}{\376\377\000R\000e\000f\000l\000e\000c\000t\000i\000o\000n\000\040\000f\000r\000o\000m\000\040\000a\000\040\000C\000o\000n\000d\000u\000c\000t\000i\000n\000g\000\040\000B\000o\000u\000n\000d\000a\000r\000y}{part.1}% 188
\BOOKMARK [1][-]{section.16.1}{\376\377\000L\000e\000a\000r\000n\000i\000n\000g\000\040\000O\000u\000t\000c\000o\000m\000e\000s\000:}{chapter.16}% 189
\BOOKMARK [1][-]{section.16.2}{\376\377\000I\000n\000t\000r\000o\000d\000u\000c\000t\000i\000o\000n}{chapter.16}% 190
\BOOKMARK [1][-]{section.16.3}{\376\377\000P\000e\000r\000p\000e\000n\000d\000i\000c\000u\000l\000a\000r\000\040\000P\000o\000l\000a\000r\000i\000z\000a\000t\000i\000o\000n}{chapter.16}% 191
\BOOKMARK [2][-]{subsection.16.3.1}{\376\377\000E\000l\000e\000c\000t\000r\000i\000c\000\040\000F\000i\000e\000l\000d}{section.16.3}% 192
\BOOKMARK [2][-]{subsection.16.3.2}{\376\377\000M\000a\000g\000n\000e\000t\000i\000c\000\040\000F\000i\000e\000l\000d}{section.16.3}% 193
\BOOKMARK [1][-]{section.16.4}{\376\377\000E\000l\000e\000c\000t\000r\000i\000c\000\040\000f\000i\000e\000l\000d\000s\000\040\000i\000n\000\040\000t\000h\000e\000\040\000d\000i\000e\000l\000e\000c\000t\000r\000i\000c\000\040\000m\000e\000d\000i\000u\000m}{chapter.16}% 194
\BOOKMARK [1][-]{section.16.5}{\376\377\000M\000a\000g\000n\000e\000t\000i\000c\000\040\000f\000i\000e\000l\000d\000s\000\040\000i\000n\000\040\000t\000h\000e\000\040\000d\000i\000e\000l\000e\000c\000t\000r\000i\000c\000\040\000m\000e\000d\000i\000u\000m}{chapter.16}% 195
